2005.01.30 14:00 B G:\Documents and Settings\bilbo\My Documents\Programming\Web Sites\Ventaja Designs\2 - Scripts\1 - VME Panel\VME Panel 1.1\blocks\choosetheme.php --> host215.ipowerweb.com /public_html/switch/blocks choosetheme.php
2005.01.30 14:00 B G:\Documents and Settings\bilbo\My Documents\Programming\Web Sites\Ventaja Designs\2 - Scripts\1 - VME Panel\VME Panel 1.1\blocks\extrablockone.php --> host215.ipowerweb.com /public_html/switch/blocks extrablockone.php
2005.01.30 14:00 B G:\Documents and Settings\bilbo\My Documents\Programming\Web Sites\Ventaja Designs\2 - Scripts\1 - VME Panel\VME Panel 1.1\blocks\extrablockthree.php --> host215.ipowerweb.com /public_html/switch/blocks extrablockthree.php
2005.01.30 14:00 B G:\Documents and Settings\bilbo\My Documents\Programming\Web Sites\Ventaja Designs\2 - Scripts\1 - VME Panel\VME Panel 1.1\blocks\extrablocktwo.php --> host215.ipowerweb.com /public_html/switch/blocks extrablocktwo.php
2005.01.30 14:00 B G:\Documents and Settings\bilbo\My Documents\Programming\Web Sites\Ventaja Designs\2 - Scripts\1 - VME Panel\VME Panel 1.1\blocks\googlesearch.php --> host215.ipowerweb.com /public_html/switch/blocks googlesearch.php
2005.01.30 14:00 B G:\Documents and Settings\bilbo\My Documents\Programming\Web Sites\Ventaja Designs\2 - Scripts\1 - VME Panel\VME Panel 1.1\blocks\mailinglist.php --> host215.ipowerweb.com /public_html/switch/blocks mailinglist.php
2005.01.30 14:00 B G:\Documents and Settings\bilbo\My Documents\Programming\Web Sites\Ventaja Designs\2 - Scripts\1 - VME Panel\VME Panel 1.1\blocks\navigation.php --> host215.ipowerweb.com /public_html/switch/blocks navigation.php
2005.01.30 14:00 B G:\Documents and Settings\bilbo\My Documents\Programming\Web Sites\Ventaja Designs\2 - Scripts\1 - VME Panel\VME Panel 1.1\blocks\signin.php --> host215.ipowerweb.com /public_html/switch/blocks signin.php
2005.01.30 14:00 B G:\Documents and Settings\bilbo\My Documents\Programming\Web Sites\Ventaja Designs\2 - Scripts\1 - VME Panel\VME Panel 1.1\blocks\statistics.php --> host215.ipowerweb.com /public_html/switch/blocks statistics.php
2005.02.04 21:00 B G:\Documents and Settings\bilbo\My Documents\Programming\Web Sites\Ventaja Designs\2 - Scripts\1 - VME Panel\VME Panel 1.2\blocks\choosetheme.php --> host215.ipowerweb.com /public_html/switch/blocks choosetheme.php
2005.02.04 21:00 B G:\Documents and Settings\bilbo\My Documents\Programming\Web Sites\Ventaja Designs\2 - Scripts\1 - VME Panel\VME Panel 1.2\blocks\googlesearch.php --> host215.ipowerweb.com /public_html/switch/blocks googlesearch.php
2005.02.04 21:00 B G:\Documents and Settings\bilbo\My Documents\Programming\Web Sites\Ventaja Designs\2 - Scripts\1 - VME Panel\VME Panel 1.2\blocks\mailinglist.php --> host215.ipowerweb.com /public_html/switch/blocks mailinglist.php
2005.02.04 21:00 B G:\Documents and Settings\bilbo\My Documents\Programming\Web Sites\Ventaja Designs\2 - Scripts\1 - VME Panel\VME Panel 1.2\blocks\navigation.php --> host215.ipowerweb.com /public_html/switch/blocks navigation.php
2005.02.04 21:00 B G:\Documents and Settings\bilbo\My Documents\Programming\Web Sites\Ventaja Designs\2 - Scripts\1 - VME Panel\VME Panel 1.2\blocks\signin.php --> host215.ipowerweb.com /public_html/switch/blocks signin.php
2005.02.04 21:00 B G:\Documents and Settings\bilbo\My Documents\Programming\Web Sites\Ventaja Designs\2 - Scripts\1 - VME Panel\VME Panel 1.2\blocks\statistics.php --> host215.ipowerweb.com /public_html/switch/blocks statistics.php
2005.02.04 21:00 B G:\Documents and Settings\bilbo\My Documents\Programming\Web Sites\Ventaja Designs\2 - Scripts\1 - VME Panel\VME Panel 1.2\blocks\extrablockthree.php --> host215.ipowerweb.com /public_html/switch/blocks extrablockthree.php
2005.02.04 21:01 B G:\Documents and Settings\bilbo\My Documents\Programming\Web Sites\Ventaja Designs\2 - Scripts\1 - VME Panel\VME Panel 1.2\blocks\extrablockone.php --> host215.ipowerweb.com /public_html/switch/blocks extrablockone.php
2005.02.04 21:01 B G:\Documents and Settings\bilbo\My Documents\Programming\Web Sites\Ventaja Designs\2 - Scripts\1 - VME Panel\VME Panel 1.2\blocks\choosetheme.php --> host215.ipowerweb.com /public_html/switch/blocks choosetheme.php
2005.02.04 21:01 B G:\Documents and Settings\bilbo\My Documents\Programming\Web Sites\Ventaja Designs\2 - Scripts\1 - VME Panel\VME Panel 1.2\blocks\extrablockone.php --> host215.ipowerweb.com /public_html/switch/blocks extrablockone.php
2005.02.04 21:01 B G:\Documents and Settings\bilbo\My Documents\Programming\Web Sites\Ventaja Designs\2 - Scripts\1 - VME Panel\VME Panel 1.2\blocks\extrablockthree.php --> host215.ipowerweb.com /public_html/switch/blocks extrablockthree.php
2005.02.04 21:01 B G:\Documents and Settings\bilbo\My Documents\Programming\Web Sites\Ventaja Designs\2 - Scripts\1 - VME Panel\VME Panel 1.2\blocks\extrablocktwo.php --> host215.ipowerweb.com /public_html/switch/blocks extrablocktwo.php
2005.02.04 21:01 B G:\Documents and Settings\bilbo\My Documents\Programming\Web Sites\Ventaja Designs\2 - Scripts\1 - VME Panel\VME Panel 1.2\blocks\googlesearch.php --> host215.ipowerweb.com /public_html/switch/blocks googlesearch.php
2005.02.04 21:01 B G:\Documents and Settings\bilbo\My Documents\Programming\Web Sites\Ventaja Designs\2 - Scripts\1 - VME Panel\VME Panel 1.2\blocks\mailinglist.php --> host215.ipowerweb.com /public_html/switch/blocks mailinglist.php
2005.02.04 21:01 B G:\Documents and Settings\bilbo\My Documents\Programming\Web Sites\Ventaja Designs\2 - Scripts\1 - VME Panel\VME Panel 1.2\blocks\navigation.php --> host215.ipowerweb.com /public_html/switch/blocks navigation.php
2005.02.04 21:01 B G:\Documents and Settings\bilbo\My Documents\Programming\Web Sites\Ventaja Designs\2 - Scripts\1 - VME Panel\VME Panel 1.2\blocks\signin.php --> host215.ipowerweb.com /public_html/switch/blocks signin.php
2005.02.04 21:01 B G:\Documents and Settings\bilbo\My Documents\Programming\Web Sites\Ventaja Designs\2 - Scripts\1 - VME Panel\VME Panel 1.2\blocks\statistics.php --> host215.ipowerweb.com /public_html/switch/blocks statistics.php
